app/build/intermediates/manifest_merge_blame_file/debug/processDebugMainManifest/manifest-merger-blame-debug-report.txt
1<?xml version="1.0" encoding="utf-8"?>
2<manifest xmlns:android="http://schemas.android.com/apk/res/android"
3    package="com.chatapp.android"
4    android:versionCode="1"
5    android:versionName="1.0" >
6
7    <uses-sdk
8        android:minSdkVersion="26"
9        android:targetSdkVersion="35" />
10
11    <!-- Network -->
12    <uses-permission android:name="android.permission.INTERNET" />
12-->src\main\AndroidManifest.xml:5:5-67
12-->src\main\AndroidManifest.xml:5:22-64
13    <uses-permission android:name="android.permission.ACCESS_NETWORK_STATE" />
13-->src\main\AndroidManifest.xml:6:5-79
13-->src\main\AndroidManifest.xml:6:22-76
14
15    <!-- Contacts sync -->
16    <uses-permission android:name="android.permission.READ_CONTACTS" />
16-->src\main\AndroidManifest.xml:9:5-72
16-->src\main\AndroidManifest.xml:9:22-69
17
18    <!-- Notifications (Android 13+) -->
19    <uses-permission android:name="android.permission.POST_NOTIFICATIONS" />
19-->src\main\AndroidManifest.xml:12:5-77
19-->src\main\AndroidManifest.xml:12:22-74
20
21    <!-- Camera / Gallery for image sending -->
22    <uses-permission android:name="android.permission.READ_MEDIA_IMAGES" />
22-->src\main\AndroidManifest.xml:15:5-76
22-->src\main\AndroidManifest.xml:15:22-73
23    <uses-permission
23-->src\main\AndroidManifest.xml:16:5-17:38
24        android:name="android.permission.READ_EXTERNAL_STORAGE"
24-->src\main\AndroidManifest.xml:16:22-77
25        android:maxSdkVersion="32" />
25-->src\main\AndroidManifest.xml:17:9-35
26
27    <!-- Keep WebSocket alive -->
28    <uses-permission android:name="android.permission.WAKE_LOCK" />
28-->src\main\AndroidManifest.xml:20:5-68
28-->src\main\AndroidManifest.xml:20:22-65
29    <uses-permission android:name="android.permission.FOREGROUND_SERVICE" />
29-->src\main\AndroidManifest.xml:21:5-77
29-->src\main\AndroidManifest.xml:21:22-74
30    <uses-permission android:name="android.permission.RECEIVE_BOOT_COMPLETED" />
30-->src\main\AndroidManifest.xml:22:5-81
30-->src\main\AndroidManifest.xml:22:22-78
31    <!-- Required by older versions of Google Play services to create IID tokens -->
32    <uses-permission android:name="com.google.android.c2dm.permission.RECEIVE" />
32-->[com.google.firebase:firebase-messaging:24.1.0] AndroidManifest.xml:26:5-82
32-->[com.google.firebase:firebase-messaging:24.1.0] AndroidManifest.xml:26:22-79
33    <uses-permission android:name="com.google.android.providers.gsf.permission.READ_GSERVICES" />
33-->[com.google.android.recaptcha:recaptcha:18.5.1] AndroidManifest.xml:9:5-98
33-->[com.google.android.recaptcha:recaptcha:18.5.1] AndroidManifest.xml:9:22-95
34
35    <permission
35-->[androidx.core:core:1.15.0] AndroidManifest.xml:22:5-24:47
36        android:name="com.chatapp.android.DYNAMIC_RECEIVER_NOT_EXPORTED_PERMISSION"
36-->[androidx.core:core:1.15.0] AndroidManifest.xml:23:9-81
37        android:protectionLevel="signature" />
37-->[androidx.core:core:1.15.0] AndroidManifest.xml:24:9-44
38
39    <uses-permission android:name="com.chatapp.android.DYNAMIC_RECEIVER_NOT_EXPORTED_PERMISSION" />
39-->[androidx.core:core:1.15.0] AndroidManifest.xml:26:5-97
39-->[androidx.core:core:1.15.0] AndroidManifest.xml:26:22-94
40
41    <application
41-->src\main\AndroidManifest.xml:24:5-75:19
42        android:name="com.chatapp.android.ChatApplication"
42-->src\main\AndroidManifest.xml:25:9-40
43        android:allowBackup="true"
43-->src\main\AndroidManifest.xml:26:9-35
44        android:appComponentFactory="androidx.core.app.CoreComponentFactory"
44-->[androidx.core:core:1.15.0] AndroidManifest.xml:28:18-86
45        android:debuggable="true"
46        android:enableOnBackInvokedCallback="true"
46-->src\main\AndroidManifest.xml:32:9-51
47        android:extractNativeLibs="false"
48        android:icon="@mipmap/ic_launcher"
48-->src\main\AndroidManifest.xml:28:9-43
49        android:label="@string/app_name"
49-->src\main\AndroidManifest.xml:27:9-41
50        android:roundIcon="@mipmap/ic_launcher_round"
50-->src\main\AndroidManifest.xml:29:9-54
51        android:supportsRtl="true"
51-->src\main\AndroidManifest.xml:30:9-35
52        android:testOnly="true"
53        android:theme="@style/Theme.ChatApp"
53-->src\main\AndroidManifest.xml:31:9-45
54        android:usesCleartextTraffic="true" >
54-->src\main\AndroidManifest.xml:33:9-44
55
56        <!-- Main Activity -->
57        <activity
57-->src\main\AndroidManifest.xml:36:9-53:20
58            android:name="com.chatapp.android.MainActivity"
58-->src\main\AndroidManifest.xml:37:13-41
59            android:exported="true"
59-->src\main\AndroidManifest.xml:38:13-36
60            android:theme="@style/Theme.ChatApp"
60-->src\main\AndroidManifest.xml:40:13-49
61            android:windowSoftInputMode="adjustResize" >
61-->src\main\AndroidManifest.xml:39:13-55
62            <intent-filter>
62-->src\main\AndroidManifest.xml:41:13-44:29
63                <action android:name="android.intent.action.MAIN" />
63-->src\main\AndroidManifest.xml:42:17-69
63-->src\main\AndroidManifest.xml:42:25-66
64
65                <category android:name="android.intent.category.LAUNCHER" />
65-->src\main\AndroidManifest.xml:43:17-77
65-->src\main\AndroidManifest.xml:43:27-74
66            </intent-filter>
67
68            <!-- Deep link from FCM notification tap -->
69            <intent-filter android:autoVerify="true" >
69-->src\main\AndroidManifest.xml:47:13-52:29
69-->src\main\AndroidManifest.xml:47:28-53
70                <action android:name="android.intent.action.VIEW" />
70-->src\main\AndroidManifest.xml:48:17-69
70-->src\main\AndroidManifest.xml:48:25-66
71
72                <category android:name="android.intent.category.DEFAULT" />
72-->src\main\AndroidManifest.xml:49:17-76
72-->src\main\AndroidManifest.xml:49:27-73
73                <category android:name="android.intent.category.BROWSABLE" />
73-->src\main\AndroidManifest.xml:50:17-78
73-->src\main\AndroidManifest.xml:50:27-75
74
75                <data
75-->src\main\AndroidManifest.xml:51:17-70
76                    android:host="chat"
76-->src\main\AndroidManifest.xml:51:48-67
77                    android:scheme="chatapp" />
77-->src\main\AndroidManifest.xml:51:23-47
78            </intent-filter>
79        </activity>
80
81        <!-- Firebase Cloud Messaging Service -->
82        <service
82-->src\main\AndroidManifest.xml:56:9-62:19
83            android:name="com.chatapp.android.service.ChatFirebaseMessagingService"
83-->src\main\AndroidManifest.xml:57:13-65
84            android:exported="false" >
84-->src\main\AndroidManifest.xml:58:13-37
85            <intent-filter>
85-->src\main\AndroidManifest.xml:59:13-61:29
86                <action android:name="com.google.firebase.MESSAGING_EVENT" />
86-->src\main\AndroidManifest.xml:60:17-78
86-->src\main\AndroidManifest.xml:60:25-75
87            </intent-filter>
88        </service>
89
90        <!-- FileProvider for image sharing -->
91        <provider
92            android:name="androidx.core.content.FileProvider"
92-->src\main\AndroidManifest.xml:66:13-62
93            android:authorities="com.chatapp.android.fileprovider"
93-->src\main\AndroidManifest.xml:67:13-64
94            android:exported="false"
94-->src\main\AndroidManifest.xml:68:13-37
95            android:grantUriPermissions="true" >
95-->src\main\AndroidManifest.xml:69:13-47
96            <meta-data
96-->src\main\AndroidManifest.xml:70:13-72:63
97                android:name="android.support.FILE_PROVIDER_PATHS"
97-->src\main\AndroidManifest.xml:71:17-67
98                android:resource="@xml/file_provider_paths" />
98-->src\main\AndroidManifest.xml:72:17-60
99        </provider>
100
101        <service
101-->[com.google.firebase:firebase-auth-ktx:23.1.0] AndroidManifest.xml:8:9-14:19
102            android:name="com.google.firebase.components.ComponentDiscoveryService"
102-->[com.google.firebase:firebase-auth-ktx:23.1.0] AndroidManifest.xml:9:13-84
103            android:directBootAware="true"
103-->[com.google.firebase:firebase-common:21.0.0] AndroidManifest.xml:32:13-43
104            android:exported="false" >
104-->[com.google.firebase:firebase-auth-ktx:23.1.0] AndroidManifest.xml:10:13-37
105            <meta-data
105-->[com.google.firebase:firebase-auth-ktx:23.1.0] AndroidManifest.xml:11:13-13:85
106                android:name="com.google.firebase.components:com.google.firebase.auth.ktx.FirebaseAuthLegacyRegistrar"
106-->[com.google.firebase:firebase-auth-ktx:23.1.0] AndroidManifest.xml:12:17-119
107                android:value="com.google.firebase.components.ComponentRegistrar" />
107-->[com.google.firebase:firebase-auth-ktx:23.1.0] AndroidManifest.xml:13:17-82
108            <meta-data
108-->[com.google.firebase:firebase-auth:23.1.0] AndroidManifest.xml:69:13-71:85
109                android:name="com.google.firebase.components:com.google.firebase.auth.FirebaseAuthRegistrar"
109-->[com.google.firebase:firebase-auth:23.1.0] AndroidManifest.xml:70:17-109
110                android:value="com.google.firebase.components.ComponentRegistrar" />
110-->[com.google.firebase:firebase-auth:23.1.0] AndroidManifest.xml:71:17-82
111            <meta-data
111-->[com.google.firebase:firebase-messaging-ktx:24.1.0] AndroidManifest.xml:26:13-28:85
112                android:name="com.google.firebase.components:com.google.firebase.messaging.ktx.FirebaseMessagingLegacyRegistrar"
112-->[com.google.firebase:firebase-messaging-ktx:24.1.0] AndroidManifest.xml:27:17-129
113                android:value="com.google.firebase.components.ComponentRegistrar" />
113-->[com.google.firebase:firebase-messaging-ktx:24.1.0] AndroidManifest.xml:28:17-82
114            <meta-data
114-->[com.google.firebase:firebase-messaging:24.1.0] AndroidManifest.xml:57:13-59:85
115                android:name="com.google.firebase.components:com.google.firebase.messaging.FirebaseMessagingKtxRegistrar"
115-->[com.google.firebase:firebase-messaging:24.1.0] AndroidManifest.xml:58:17-122
116                android:value="com.google.firebase.components.ComponentRegistrar" />
116-->[com.google.firebase:firebase-messaging:24.1.0] AndroidManifest.xml:59:17-82
117            <meta-data
117-->[com.google.firebase:firebase-messaging:24.1.0] AndroidManifest.xml:60:13-62:85
118                android:name="com.google.firebase.components:com.google.firebase.messaging.FirebaseMessagingRegistrar"
118-->[com.google.firebase:firebase-messaging:24.1.0] AndroidManifest.xml:61:17-119
119                android:value="com.google.firebase.components.ComponentRegistrar" />
119-->[com.google.firebase:firebase-messaging:24.1.0] AndroidManifest.xml:62:17-82
120            <meta-data
120-->[com.google.firebase:firebase-installations:18.0.0] AndroidManifest.xml:15:13-17:85
121                android:name="com.google.firebase.components:com.google.firebase.installations.FirebaseInstallationsKtxRegistrar"
121-->[com.google.firebase:firebase-installations:18.0.0] AndroidManifest.xml:16:17-130
122                android:value="com.google.firebase.components.ComponentRegistrar" />
122-->[com.google.firebase:firebase-installations:18.0.0] AndroidManifest.xml:17:17-82
123            <meta-data
123-->[com.google.firebase:firebase-installations:18.0.0] AndroidManifest.xml:18:13-20:85
124                android:name="com.google.firebase.components:com.google.firebase.installations.FirebaseInstallationsRegistrar"
124-->[com.google.firebase:firebase-installations:18.0.0] AndroidManifest.xml:19:17-127
125                android:value="com.google.firebase.components.ComponentRegistrar" />
125-->[com.google.firebase:firebase-installations:18.0.0] AndroidManifest.xml:20:17-82
126            <meta-data
126-->[com.google.firebase:firebase-common-ktx:21.0.0] AndroidManifest.xml:12:13-14:85
127                android:name="com.google.firebase.components:com.google.firebase.ktx.FirebaseCommonLegacyRegistrar"
127-->[com.google.firebase:firebase-common-ktx:21.0.0] AndroidManifest.xml:13:17-116
128                android:value="com.google.firebase.components.ComponentRegistrar" />
128-->[com.google.firebase:firebase-common-ktx:21.0.0] AndroidManifest.xml:14:17-82
129            <meta-data
129-->[com.google.firebase:firebase-common:21.0.0] AndroidManifest.xml:35:13-37:85
130                android:name="com.google.firebase.components:com.google.firebase.FirebaseCommonKtxRegistrar"
130-->[com.google.firebase:firebase-common:21.0.0] AndroidManifest.xml:36:17-109
131                android:value="com.google.firebase.components.ComponentRegistrar" />
131-->[com.google.firebase:firebase-common:21.0.0] AndroidManifest.xml:37:17-82
132            <meta-data
132-->[com.google.firebase:firebase-datatransport:18.2.0] AndroidManifest.xml:25:13-27:85
133                android:name="com.google.firebase.components:com.google.firebase.datatransport.TransportRegistrar"
133-->[com.google.firebase:firebase-datatransport:18.2.0] AndroidManifest.xml:26:17-115
134                android:value="com.google.firebase.components.ComponentRegistrar" />
134-->[com.google.firebase:firebase-datatransport:18.2.0] AndroidManifest.xml:27:17-82
135        </service>
136
137        <activity
137-->[com.google.firebase:firebase-auth:23.1.0] AndroidManifest.xml:29:9-46:20
138            android:name="com.google.firebase.auth.internal.GenericIdpActivity"
138-->[com.google.firebase:firebase-auth:23.1.0] AndroidManifest.xml:30:13-80
139            android:excludeFromRecents="true"
139-->[com.google.firebase:firebase-auth:23.1.0] AndroidManifest.xml:31:13-46
140            android:exported="true"
140-->[com.google.firebase:firebase-auth:23.1.0] AndroidManifest.xml:32:13-36
141            android:launchMode="singleTask"
141-->[com.google.firebase:firebase-auth:23.1.0] AndroidManifest.xml:33:13-44
142            android:theme="@android:style/Theme.Translucent.NoTitleBar" >
142-->[com.google.firebase:firebase-auth:23.1.0] AndroidManifest.xml:34:13-72
143            <intent-filter>
143-->[com.google.firebase:firebase-auth:23.1.0] AndroidManifest.xml:35:13-45:29
144                <action android:name="android.intent.action.VIEW" />
144-->src\main\AndroidManifest.xml:48:17-69
144-->src\main\AndroidManifest.xml:48:25-66
145
146                <category android:name="android.intent.category.DEFAULT" />
146-->src\main\AndroidManifest.xml:49:17-76
146-->src\main\AndroidManifest.xml:49:27-73
147                <category android:name="android.intent.category.BROWSABLE" />
147-->src\main\AndroidManifest.xml:50:17-78
147-->src\main\AndroidManifest.xml:50:27-75
148
149                <data
149-->src\main\AndroidManifest.xml:51:17-70
150                    android:host="firebase.auth"
150-->src\main\AndroidManifest.xml:51:48-67
151                    android:path="/"
152                    android:scheme="genericidp" />
152-->src\main\AndroidManifest.xml:51:23-47
153            </intent-filter>
154        </activity>
155        <activity
155-->[com.google.firebase:firebase-auth:23.1.0] AndroidManifest.xml:47:9-64:20
156            android:name="com.google.firebase.auth.internal.RecaptchaActivity"
156-->[com.google.firebase:firebase-auth:23.1.0] AndroidManifest.xml:48:13-79
157            android:excludeFromRecents="true"
157-->[com.google.firebase:firebase-auth:23.1.0] AndroidManifest.xml:49:13-46
158            android:exported="true"
158-->[com.google.firebase:firebase-auth:23.1.0] AndroidManifest.xml:50:13-36
159            android:launchMode="singleTask"
159-->[com.google.firebase:firebase-auth:23.1.0] AndroidManifest.xml:51:13-44
160            android:theme="@android:style/Theme.Translucent.NoTitleBar" >
160-->[com.google.firebase:firebase-auth:23.1.0] AndroidManifest.xml:52:13-72
161            <intent-filter>
161-->[com.google.firebase:firebase-auth:23.1.0] AndroidManifest.xml:53:13-63:29
162                <action android:name="android.intent.action.VIEW" />
162-->src\main\AndroidManifest.xml:48:17-69
162-->src\main\AndroidManifest.xml:48:25-66
163
164                <category android:name="android.intent.category.DEFAULT" />
164-->src\main\AndroidManifest.xml:49:17-76
164-->src\main\AndroidManifest.xml:49:27-73
165                <category android:name="android.intent.category.BROWSABLE" />
165-->src\main\AndroidManifest.xml:50:17-78
165-->src\main\AndroidManifest.xml:50:27-75
166
167                <data
167-->src\main\AndroidManifest.xml:51:17-70
168                    android:host="firebase.auth"
168-->src\main\AndroidManifest.xml:51:48-67
169                    android:path="/"
170                    android:scheme="recaptcha" />
170-->src\main\AndroidManifest.xml:51:23-47
171            </intent-filter>
172        </activity>
173
174        <receiver
174-->[com.google.firebase:firebase-messaging:24.1.0] AndroidManifest.xml:29:9-40:20
175            android:name="com.google.firebase.iid.FirebaseInstanceIdReceiver"
175-->[com.google.firebase:firebase-messaging:24.1.0] AndroidManifest.xml:30:13-78
176            android:exported="true"
176-->[com.google.firebase:firebase-messaging:24.1.0] AndroidManifest.xml:31:13-36
177            android:permission="com.google.android.c2dm.permission.SEND" >
177-->[com.google.firebase:firebase-messaging:24.1.0] AndroidManifest.xml:32:13-73
178            <intent-filter>
178-->[com.google.firebase:firebase-messaging:24.1.0] AndroidManifest.xml:33:13-35:29
179                <action android:name="com.google.android.c2dm.intent.RECEIVE" />
179-->[com.google.firebase:firebase-messaging:24.1.0] AndroidManifest.xml:34:17-81
179-->[com.google.firebase:firebase-messaging:24.1.0] AndroidManifest.xml:34:25-78
180            </intent-filter>
181
182            <meta-data
182-->[com.google.firebase:firebase-messaging:24.1.0] AndroidManifest.xml:37:13-39:40
183                android:name="com.google.android.gms.cloudmessaging.FINISHED_AFTER_HANDLED"
183-->[com.google.firebase:firebase-messaging:24.1.0] AndroidManifest.xml:38:17-92
184                android:value="true" />
184-->[com.google.firebase:firebase-messaging:24.1.0] AndroidManifest.xml:39:17-37
185        </receiver>
186        <!--
187             FirebaseMessagingService performs security checks at runtime,
188             but set to not exported to explicitly avoid allowing another app to call it.
189        -->
190        <service
190-->[com.google.firebase:firebase-messaging:24.1.0] AndroidManifest.xml:46:9-53:19
191            android:name="com.google.firebase.messaging.FirebaseMessagingService"
191-->[com.google.firebase:firebase-messaging:24.1.0] AndroidManifest.xml:47:13-82
192            android:directBootAware="true"
192-->[com.google.firebase:firebase-messaging:24.1.0] AndroidManifest.xml:48:13-43
193            android:exported="false" >
193-->[com.google.firebase:firebase-messaging:24.1.0] AndroidManifest.xml:49:13-37
194            <intent-filter android:priority="-500" >
194-->src\main\AndroidManifest.xml:59:13-61:29
195                <action android:name="com.google.firebase.MESSAGING_EVENT" />
195-->src\main\AndroidManifest.xml:60:17-78
195-->src\main\AndroidManifest.xml:60:25-75
196            </intent-filter>
197        </service>
198
199        <provider
199-->[com.google.firebase:firebase-common:21.0.0] AndroidManifest.xml:23:9-28:39
200            android:name="com.google.firebase.provider.FirebaseInitProvider"
200-->[com.google.firebase:firebase-common:21.0.0] AndroidManifest.xml:24:13-77
201            android:authorities="com.chatapp.android.firebaseinitprovider"
201-->[com.google.firebase:firebase-common:21.0.0] AndroidManifest.xml:25:13-72
202            android:directBootAware="true"
202-->[com.google.firebase:firebase-common:21.0.0] AndroidManifest.xml:26:13-43
203            android:exported="false"
203-->[com.google.firebase:firebase-common:21.0.0] AndroidManifest.xml:27:13-37
204            android:initOrder="100" />
204-->[com.google.firebase:firebase-common:21.0.0] AndroidManifest.xml:28:13-36
205
206        <service
206-->[androidx.credentials:credentials-play-services-auth:1.2.0-rc01] AndroidManifest.xml:24:9-32:19
207            android:name="androidx.credentials.playservices.CredentialProviderMetadataHolder"
207-->[androidx.credentials:credentials-play-services-auth:1.2.0-rc01] AndroidManifest.xml:25:13-94
208            android:enabled="true"
208-->[androidx.credentials:credentials-play-services-auth:1.2.0-rc01] AndroidManifest.xml:26:13-35
209            android:exported="false" >
209-->[androidx.credentials:credentials-play-services-auth:1.2.0-rc01] AndroidManifest.xml:27:13-37
210            <meta-data
210-->[androidx.credentials:credentials-play-services-auth:1.2.0-rc01] AndroidManifest.xml:29:13-31:104
211                android:name="androidx.credentials.CREDENTIAL_PROVIDER_KEY"
211-->[androidx.credentials:credentials-play-services-auth:1.2.0-rc01] AndroidManifest.xml:30:17-76
212                android:value="androidx.credentials.playservices.CredentialProviderPlayServicesImpl" />
212-->[androidx.credentials:credentials-play-services-auth:1.2.0-rc01] AndroidManifest.xml:31:17-101
213        </service>
214
215        <activity
215-->[androidx.credentials:credentials-play-services-auth:1.2.0-rc01] AndroidManifest.xml:34:9-41:20
216            android:name="androidx.credentials.playservices.HiddenActivity"
216-->[androidx.credentials:credentials-play-services-auth:1.2.0-rc01] AndroidManifest.xml:35:13-76
217            android:configChanges="orientation|screenSize|screenLayout|keyboardHidden"
217-->[androidx.credentials:credentials-play-services-auth:1.2.0-rc01] AndroidManifest.xml:36:13-87
218            android:enabled="true"
218-->[androidx.credentials:credentials-play-services-auth:1.2.0-rc01] AndroidManifest.xml:37:13-35
219            android:exported="false"
219-->[androidx.credentials:credentials-play-services-auth:1.2.0-rc01] AndroidManifest.xml:38:13-37
220            android:fitsSystemWindows="true"
220-->[androidx.credentials:credentials-play-services-auth:1.2.0-rc01] AndroidManifest.xml:39:13-45
221            android:theme="@style/Theme.Hidden" >
221-->[androidx.credentials:credentials-play-services-auth:1.2.0-rc01] AndroidManifest.xml:40:13-48
222        </activity>
223        <activity
223-->[com.google.android.gms:play-services-auth:20.7.0] AndroidManifest.xml:23:9-27:75
224            android:name="com.google.android.gms.auth.api.signin.internal.SignInHubActivity"
224-->[com.google.android.gms:play-services-auth:20.7.0] AndroidManifest.xml:24:13-93
225            android:excludeFromRecents="true"
225-->[com.google.android.gms:play-services-auth:20.7.0] AndroidManifest.xml:25:13-46
226            android:exported="false"
226-->[com.google.android.gms:play-services-auth:20.7.0] AndroidManifest.xml:26:13-37
227            android:theme="@android:style/Theme.Translucent.NoTitleBar" />
227-->[com.google.android.gms:play-services-auth:20.7.0] AndroidManifest.xml:27:13-72
228        <!--
229            Service handling Google Sign-In user revocation. For apps that do not integrate with
230            Google Sign-In, this service will never be started.
231        -->
232        <service
232-->[com.google.android.gms:play-services-auth:20.7.0] AndroidManifest.xml:33:9-37:51
233            android:name="com.google.android.gms.auth.api.signin.RevocationBoundService"
233-->[com.google.android.gms:play-services-auth:20.7.0] AndroidManifest.xml:34:13-89
234            android:exported="true"
234-->[com.google.android.gms:play-services-auth:20.7.0] AndroidManifest.xml:35:13-36
235            android:permission="com.google.android.gms.auth.api.signin.permission.REVOCATION_NOTIFICATION"
235-->[com.google.android.gms:play-services-auth:20.7.0] AndroidManifest.xml:36:13-107
236            android:visibleToInstantApps="true" />
236-->[com.google.android.gms:play-services-auth:20.7.0] AndroidManifest.xml:37:13-48
237        <service
237-->[androidx.room:room-runtime:2.6.1] AndroidManifest.xml:24:9-28:63
238            android:name="androidx.room.MultiInstanceInvalidationService"
238-->[androidx.room:room-runtime:2.6.1] AndroidManifest.xml:25:13-74
239            android:directBootAware="true"
239-->[androidx.room:room-runtime:2.6.1] AndroidManifest.xml:26:13-43
240            android:exported="false" />
240-->[androidx.room:room-runtime:2.6.1] AndroidManifest.xml:27:13-37
241
242        <provider
242-->[androidx.emoji2:emoji2:1.3.0] AndroidManifest.xml:24:9-32:20
243            android:name="androidx.startup.InitializationProvider"
243-->[androidx.emoji2:emoji2:1.3.0] AndroidManifest.xml:25:13-67
244            android:authorities="com.chatapp.android.androidx-startup"
244-->[androidx.emoji2:emoji2:1.3.0] AndroidManifest.xml:26:13-68
245            android:exported="false" >
245-->[androidx.emoji2:emoji2:1.3.0] AndroidManifest.xml:27:13-37
246            <meta-data
246-->[androidx.emoji2:emoji2:1.3.0] AndroidManifest.xml:29:13-31:52
247                android:name="androidx.emoji2.text.EmojiCompatInitializer"
247-->[androidx.emoji2:emoji2:1.3.0] AndroidManifest.xml:30:17-75
248                android:value="androidx.startup" />
248-->[androidx.emoji2:emoji2:1.3.0] AndroidManifest.xml:31:17-49
249            <meta-data
249-->[androidx.lifecycle:lifecycle-process:2.8.7] AndroidManifest.xml:29:13-31:52
250                android:name="androidx.lifecycle.ProcessLifecycleInitializer"
250-->[androidx.lifecycle:lifecycle-process:2.8.7] AndroidManifest.xml:30:17-78
251                android:value="androidx.startup" />
251-->[androidx.lifecycle:lifecycle-process:2.8.7] AndroidManifest.xml:31:17-49
252            <meta-data
252-->[androidx.profileinstaller:profileinstaller:1.4.1] AndroidManifest.xml:29:13-31:52
253                android:name="androidx.profileinstaller.ProfileInstallerInitializer"
253-->[androidx.profileinstaller:profileinstaller:1.4.1] AndroidManifest.xml:30:17-85
254                android:value="androidx.startup" />
254-->[androidx.profileinstaller:profileinstaller:1.4.1] AndroidManifest.xml:31:17-49
255        </provider>
256
257        <activity
257-->[com.google.android.gms:play-services-base:18.0.1] AndroidManifest.xml:20:9-22:45
258            android:name="com.google.android.gms.common.api.GoogleApiActivity"
258-->[com.google.android.gms:play-services-base:18.0.1] AndroidManifest.xml:20:19-85
259            android:exported="false"
259-->[com.google.android.gms:play-services-base:18.0.1] AndroidManifest.xml:22:19-43
260            android:theme="@android:style/Theme.Translucent.NoTitleBar" />
260-->[com.google.android.gms:play-services-base:18.0.1] AndroidManifest.xml:21:19-78
261
262        <meta-data
262-->[com.google.android.gms:play-services-basement:18.4.0] AndroidManifest.xml:6:9-122
263            android:name="com.google.android.gms.version"
263-->[com.google.android.gms:play-services-basement:18.4.0] AndroidManifest.xml:6:20-65
264            android:value="@integer/google_play_services_version" />
264-->[com.google.android.gms:play-services-basement:18.4.0] AndroidManifest.xml:6:66-119
265
266        <activity
266-->[androidx.compose.ui:ui-tooling-android:1.7.6] AndroidManifest.xml:23:9-25:39
267            android:name="androidx.compose.ui.tooling.PreviewActivity"
267-->[androidx.compose.ui:ui-tooling-android:1.7.6] AndroidManifest.xml:24:13-71
268            android:exported="true" />
268-->[androidx.compose.ui:ui-tooling-android:1.7.6] AndroidManifest.xml:25:13-36
269
270        <receiver
270-->[androidx.profileinstaller:profileinstaller:1.4.1] AndroidManifest.xml:34:9-52:20
271            android:name="androidx.profileinstaller.ProfileInstallReceiver"
271-->[androidx.profileinstaller:profileinstaller:1.4.1] AndroidManifest.xml:35:13-76
272            android:directBootAware="false"
272-->[androidx.profileinstaller:profileinstaller:1.4.1] AndroidManifest.xml:36:13-44
273            android:enabled="true"
273-->[androidx.profileinstaller:profileinstaller:1.4.1] AndroidManifest.xml:37:13-35
274            android:exported="true"
274-->[androidx.profileinstaller:profileinstaller:1.4.1] AndroidManifest.xml:38:13-36
275            android:permission="android.permission.DUMP" >
275-->[androidx.profileinstaller:profileinstaller:1.4.1] AndroidManifest.xml:39:13-57
276            <intent-filter>
276-->[androidx.profileinstaller:profileinstaller:1.4.1] AndroidManifest.xml:40:13-42:29
277                <action android:name="androidx.profileinstaller.action.INSTALL_PROFILE" />
277-->[androidx.profileinstaller:profileinstaller:1.4.1] AndroidManifest.xml:41:17-91
277-->[androidx.profileinstaller:profileinstaller:1.4.1] AndroidManifest.xml:41:25-88
278            </intent-filter>
279            <intent-filter>
279-->[androidx.profileinstaller:profileinstaller:1.4.1] AndroidManifest.xml:43:13-45:29
280                <action android:name="androidx.profileinstaller.action.SKIP_FILE" />
280-->[androidx.profileinstaller:profileinstaller:1.4.1] AndroidManifest.xml:44:17-85
280-->[androidx.profileinstaller:profileinstaller:1.4.1] AndroidManifest.xml:44:25-82
281            </intent-filter>
282            <intent-filter>
282-->[androidx.profileinstaller:profileinstaller:1.4.1] AndroidManifest.xml:46:13-48:29
283                <action android:name="androidx.profileinstaller.action.SAVE_PROFILE" />
283-->[androidx.profileinstaller:profileinstaller:1.4.1] AndroidManifest.xml:47:17-88
283-->[androidx.profileinstaller:profileinstaller:1.4.1] AndroidManifest.xml:47:25-85
284            </intent-filter>
285            <intent-filter>
285-->[androidx.profileinstaller:profileinstaller:1.4.1] AndroidManifest.xml:49:13-51:29
286                <action android:name="androidx.profileinstaller.action.BENCHMARK_OPERATION" />
286-->[androidx.profileinstaller:profileinstaller:1.4.1] AndroidManifest.xml:50:17-95
286-->[androidx.profileinstaller:profileinstaller:1.4.1] AndroidManifest.xml:50:25-92
287            </intent-filter>
288        </receiver>
289
290        <service
290-->[com.google.android.datatransport:transport-backend-cct:3.1.9] AndroidManifest.xml:28:9-34:19